app/build/intermediates/manifest_merge_blame_file/debug/manifest-merger-blame-debug-report.txt
1<?xml version="1.0" encoding="utf-8"?>
2<manifest xmlns:android="http://schemas.android.com/apk/res/android"
3    package="com.minimal.launcher"
4    android:versionCode="1"
5    android:versionName="1.0" >
6
7    <uses-sdk
8        android:minSdkVersion="21"
9        android:targetSdkVersion="34" />
10
11    <uses-permission android:name="android.permission.QUERY_ALL_PACKAGES" />
11-->src\main\AndroidManifest.xml:5:5-77
11-->src\main\AndroidManifest.xml:5:22-74
12
13    <application
13-->src\main\AndroidManifest.xml:7:5-30:19
14        android:allowBackup="false"
14-->src\main\AndroidManifest.xml:8:9-36
15        android:debuggable="true"
16        android:extractNativeLibs="true"
17        android:label="@string/app_name"
17-->src\main\AndroidManifest.xml:9:9-41
18        android:theme="@style/LauncherTheme" >
18-->src\main\AndroidManifest.xml:10:9-45
19        <activity
19-->src\main\AndroidManifest.xml:12:9-28:20
20            android:name="com.minimal.launcher.LauncherActivity"
20-->src\main\AndroidManifest.xml:13:13-45
21            android:clearTaskOnLaunch="true"
21-->src\main\AndroidManifest.xml:19:13-45
22            android:exported="true"
22-->src\main\AndroidManifest.xml:14:13-36
23            android:launchMode="singleTask"
23-->src\main\AndroidManifest.xml:15:13-44
24            android:resumeWhilePausing="true"
24-->src\main\AndroidManifest.xml:17:13-46
25            android:screenOrientation="portrait"
25-->src\main\AndroidManifest.xml:18:13-49
26            android:stateNotNeeded="true" >
26-->src\main\AndroidManifest.xml:16:13-42
27            <intent-filter>
27-->src\main\AndroidManifest.xml:21:13-26:29
28                <action android:name="android.intent.action.MAIN" />
28-->src\main\AndroidManifest.xml:22:17-69
28-->src\main\AndroidManifest.xml:22:25-66
29
30                <category android:name="android.intent.category.HOME" />
30-->src\main\AndroidManifest.xml:23:17-73
30-->src\main\AndroidManifest.xml:23:27-70
31                <category android:name="android.intent.category.DEFAULT" />
31-->src\main\AndroidManifest.xml:24:17-76
31-->src\main\AndroidManifest.xml:24:27-73
32                <category android:name="android.intent.category.LAUNCHER" />
32-->src\main\AndroidManifest.xml:25:17-77
32-->src\main\AndroidManifest.xml:25:27-74
33            </intent-filter>
34        </activity>
35    </application>
36
37</manifest>